<?xml version="1.0" encoding="UTF-8"?>
<!-- Generated by org.testng.reporters.JUnitReportReporter -->
<testsuite hostname="DESKTOP-601D2VQ" failures="0" tests="2" name="test" time="9.819" errors="0" timestamp="2024-04-25T21:44:43 EET" skipped="1">
  <testcase classname="test" name="bankManagerLogin" time="9.819"/>
  <system-out/>
  <testcase classname="test" name="customerlogin">
    <skipped/>
  </testcase> <!-- customerlogin -->
  <system-out/>
</testsuite> <!-- test -->
